2025-07-28 19:54:29,495 [INFO] Activator:176 - 


2025-07-28 19:54:29,497 [INFO] Activator:177 - !SESSION log4j initialized
2025-07-28 19:54:32,425 [INFO] LogOutputStream:77 - [STDOUT_REDIRECT] 
2025-07-28 19:54:34,419 [INFO] ApplicationProperties:184 - Using Application install path: C:\ST\STM32CubeIDE_1.17.0\STM32CubeIDE\plugins\com.st.stm32cube.common.mx_6.13.0.202411220809
2025-07-28 19:54:34,434 [INFO] DbMcusXml:78 - Set database path to: C:\ST\STM32CubeIDE_1.17.0\STM32CubeIDE\plugins\com.st.stm32cube.common.mx_6.13.0.202411220809\\db\/mcu/
2025-07-28 19:54:34,434 [INFO] ApiDb:274 - Set plugin database path to: C:\ST\STM32CubeIDE_1.17.0\STM32CubeIDE\plugins\com.st.stm32cube.common.mx_6.13.0.202411220809\\db\/plugins/boardmanager/
2025-07-28 19:54:34,434 [WARN] ApiDb:259 - Overriding images path with different value:  => C:\ST\STM32CubeIDE_1.17.0\STM32CubeIDE\plugins\com.st.stm32cube.common.mx_6.13.0.202411220809\\db\/plugins/mcufinder/images/
2025-07-28 19:54:34,440 [INFO] ApiDb:250 - Set database path to: C:\Users\noppa\.stmcufinder\plugins\mcufinder//mcu/
2025-07-28 19:54:34,441 [INFO] DbMcusAds:125 - Set database path to: C:\Users\noppa\.stmcufinder\plugins\mcufinder//mcu/
2025-07-28 19:54:34,443 [INFO] CrossReferenceDbSqlite:203 - Set database path to: C:\Users\noppa\.stmcufinder\plugins\mcufinder//mcu/cs/
2025-07-28 19:54:34,553 [INFO] RulesReader:64 - Compatibility file has been processed (297 Rules)
2025-07-28 19:54:34,637 [INFO] DbMcusXml:78 - Set database path to: C:\ST\STM32CubeIDE_1.17.0\STM32CubeIDE\plugins\com.st.stm32cube.common.mx_6.13.0.202411220809\\db\/mcu/
2025-07-28 19:54:34,637 [INFO] ApiDb:274 - Set plugin database path to: C:\ST\STM32CubeIDE_1.17.0\STM32CubeIDE\plugins\com.st.stm32cube.common.mx_6.13.0.202411220809\\db\/plugins/boardmanager/
2025-07-28 19:54:34,637 [INFO] ApiDb:261 - Set plugin images path to: C:\ST\STM32CubeIDE_1.17.0\STM32CubeIDE\plugins\com.st.stm32cube.common.mx_6.13.0.202411220809\\db\/plugins/mcufinder/images/
2025-07-28 19:54:34,638 [WARN] DbFile:41 - Overriding database path with different value: C:\Users\noppa\.stmcufinder\plugins\mcufinder/ => C:\Users\noppa\.stmcufinder\plugins\mcufinder
2025-07-28 19:54:34,639 [INFO] ApiDb:250 - Set database path to: C:\Users\noppa\.stmcufinder\plugins\mcufinder//mcu/
2025-07-28 19:54:34,639 [WARN] DbFile:41 - Overriding database path with different value: C:\Users\noppa\.stmcufinder\plugins\mcufinder/ => C:\Users\noppa\.stmcufinder\plugins\mcufinder
2025-07-28 19:54:34,639 [INFO] DbMcusAds:125 - Set database path to: C:\Users\noppa\.stmcufinder\plugins\mcufinder//mcu/
2025-07-28 19:54:34,639 [WARN] DbFile:41 - Overriding database path with different value: C:\Users\noppa\.stmcufinder\plugins\mcufinder/ => C:\Users\noppa\.stmcufinder\plugins\mcufinder
2025-07-28 19:54:34,639 [WARN] DbFile:41 - Overriding database path with different value: C:\Users\noppa\.stmcufinder\plugins\mcufinder/ => C:\Users\noppa\.stmcufinder\plugins\mcufinder
2025-07-28 19:54:34,639 [INFO] CrossReferenceDbSqlite:203 - Set database path to: C:\Users\noppa\.stmcufinder\plugins\mcufinder//mcu/cs/
2025-07-28 19:54:34,710 [INFO] MainPanel:272 - HeapMemory: 268435456
2025-07-28 19:54:34,792 [INFO] DbMcusXml:78 - Set database path to: C:\ST\STM32CubeIDE_1.17.0\STM32CubeIDE\plugins\com.st.stm32cube.common.mx_6.13.0.202411220809\\db\/mcu/
2025-07-28 19:54:34,792 [INFO] ApiDb:274 - Set plugin database path to: C:\ST\STM32CubeIDE_1.17.0\STM32CubeIDE\plugins\com.st.stm32cube.common.mx_6.13.0.202411220809\\db\/plugins/boardmanager/
2025-07-28 19:54:34,792 [INFO] ApiDb:261 - Set plugin images path to: C:\ST\STM32CubeIDE_1.17.0\STM32CubeIDE\plugins\com.st.stm32cube.common.mx_6.13.0.202411220809\\db\/plugins/mcufinder/images/
2025-07-28 19:54:34,793 [WARN] DbFile:41 - Overriding database path with different value: C:\Users\noppa\.stmcufinder\plugins\mcufinder/ => C:\Users\noppa\.stmcufinder\plugins\mcufinder
2025-07-28 19:54:34,793 [INFO] ApiDb:250 - Set database path to: C:\Users\noppa\.stmcufinder\plugins\mcufinder//mcu/
2025-07-28 19:54:34,793 [WARN] DbFile:41 - Overriding database path with different value: C:\Users\noppa\.stmcufinder\plugins\mcufinder/ => C:\Users\noppa\.stmcufinder\plugins\mcufinder
2025-07-28 19:54:34,793 [INFO] DbMcusAds:125 - Set database path to: C:\Users\noppa\.stmcufinder\plugins\mcufinder//mcu/
2025-07-28 19:54:34,793 [WARN] DbFile:41 - Overriding database path with different value: C:\Users\noppa\.stmcufinder\plugins\mcufinder/ => C:\Users\noppa\.stmcufinder\plugins\mcufinder
2025-07-28 19:54:34,793 [WARN] DbFile:41 - Overriding database path with different value: C:\Users\noppa\.stmcufinder\plugins\mcufinder/ => C:\Users\noppa\.stmcufinder\plugins\mcufinder
2025-07-28 19:54:34,793 [INFO] CrossReferenceDbSqlite:203 - Set database path to: C:\Users\noppa\.stmcufinder\plugins\mcufinder//mcu/cs/
2025-07-28 19:54:34,812 [INFO] ApplicationProperties:184 - Using Application install path: C:\ST\STM32CubeIDE_1.17.0\STM32CubeIDE\plugins\com.st.stm32cube.common.mx_6.13.0.202411220809
2025-07-28 19:54:34,813 [INFO] PluginManage:196 - Search for loadable plugins [exclusion list=, ]
2025-07-28 19:54:34,815 [INFO] PluginManage:310 - Check plugin analytics
2025-07-28 19:54:34,977 [INFO] AnalyticsPlugin:253 - Accepted Software Licenses: 
2025-07-28 19:54:34,977 [INFO] AnalyticsPlugin:255 - Accepted CMSIS Pack Licenses: 
2025-07-28 19:54:34,977 [INFO] AnalyticsPlugin:257 - Accepted Firmware Licenses: FW.F4.1.28.0
2025-07-28 19:54:34,981 [INFO] PluginManage:359 - Loaded plugin analytics (category:tool,tabindex:-1)
2025-07-28 19:54:34,982 [INFO] PluginManage:310 - Check plugin cadmodel
2025-07-28 19:54:34,986 [INFO] CADModel:105 - Init CAD model plugin
2025-07-28 19:54:34,986 [INFO] PluginManage:359 - Loaded plugin cadmodel (category:power,tabindex:5)
2025-07-28 19:54:34,987 [INFO] PluginManage:310 - Check plugin clock
2025-07-28 19:54:34,996 [INFO] PluginManage:359 - Loaded plugin clock (category:base,tabindex:2)
2025-07-28 19:54:34,996 [INFO] PluginManage:310 - Check plugin ddr
2025-07-28 19:54:34,998 [INFO] PluginManage:359 - Loaded plugin ddr (category:tool,tabindex:6)
2025-07-28 19:54:34,998 [INFO] PluginManage:310 - Check plugin filemanager
2025-07-28 19:54:35,173 [INFO] PluginManage:359 - Loaded plugin filemanager (category:base,tabindex:10)
2025-07-28 19:54:35,173 [INFO] PluginManage:310 - Check plugin ipmanager
2025-07-28 19:54:35,181 [INFO] PluginManage:359 - Loaded plugin ipmanager (category:base,tabindex:5)
2025-07-28 19:54:35,181 [INFO] PluginManage:310 - Check plugin lpbam
2025-07-28 19:54:35,188 [INFO] PluginManage:359 - Loaded plugin lpbam (category:base,tabindex:0)
2025-07-28 19:54:35,188 [INFO] PluginManage:310 - Check plugin memorymap
2025-07-28 19:54:35,197 [INFO] PluginManage:359 - Loaded plugin memorymap (category:base,tabindex:4)
2025-07-28 19:54:35,199 [INFO] PluginManage:310 - Check plugin pinoutandconfiguration
2025-07-28 19:54:35,206 [INFO] PluginManage:359 - Loaded plugin pinoutandconfiguration (category:base,tabindex:1)
2025-07-28 19:54:35,206 [INFO] PluginManage:310 - Check plugin pinoutconfig
2025-07-28 19:54:35,287 [WARN] SupportedApi:132 - Cannot load RTOS API schema: s4s-elt-must-match.1: The content of 'definitions' must match (annotation?, (simpleType | complexType)?, (unique | key | keyref)*)). A problem was found starting at: attribute.
2025-07-28 19:54:35,401 [INFO] PluginManage:359 - Loaded plugin pinoutconfig (category:base,tabindex:0)
2025-07-28 19:54:35,401 [INFO] PluginManage:310 - Check plugin power
2025-07-28 19:54:35,409 [INFO] PluginManage:359 - Loaded plugin power (category:power,tabindex:4)
2025-07-28 19:54:35,409 [INFO] PluginManage:310 - Check plugin projectmanager
2025-07-28 19:54:35,425 [INFO] PluginManage:359 - Loaded plugin projectmanager (category:projectmanager,tabindex:4)
2025-07-28 19:54:35,425 [INFO] PluginManage:310 - Check plugin rif
2025-07-28 19:54:35,430 [INFO] PluginManage:359 - Loaded plugin rif (category:base,tabindex:3)
2025-07-28 19:54:35,431 [INFO] PluginManage:310 - Check plugin thirdparty
2025-07-28 19:54:35,565 [INFO] PluginManage:359 - Loaded plugin thirdparty (category:base,tabindex:-1)
2025-07-28 19:54:35,565 [WARN] IntegrityCheckThread:84 - waiting for thirdparty lock release [integrity check]
2025-07-28 19:54:35,566 [INFO] IntegrityCheckThread:86 - entering critical section [integrity check]
2025-07-28 19:54:35,566 [INFO] PluginManage:310 - Check plugin tools
2025-07-28 19:54:35,566 [INFO] ThirdPartyUpdaterWithRetryManager:70 - Updater plugin not ready yet. [1/15]
2025-07-28 19:54:35,569 [INFO] PluginManage:359 - Loaded plugin tools (category:base,tabindex:7)
2025-07-28 19:54:35,569 [INFO] PluginManage:310 - Check plugin tutovideos
2025-07-28 19:54:35,713 [INFO] PluginManage:359 - Loaded plugin tutovideos (category:base,tabindex:-1)
2025-07-28 19:54:35,713 [INFO] PluginManage:310 - Check plugin updater
2025-07-28 19:54:35,735 [INFO] PluginManage:359 - Loaded plugin updater (category:base,tabindex:12)
2025-07-28 19:54:35,735 [INFO] PluginManage:310 - Check plugin userauth
2025-07-28 19:54:35,739 [INFO] UserAuth:118 - Init User Auth plugin
2025-07-28 19:54:35,739 [INFO] PluginManage:359 - Loaded plugin userauth (category:base,tabindex:14)
2025-07-28 19:54:35,740 [INFO] PluginManage:283 - PluginManage : Loaded plugins [18]
2025-07-28 19:54:35,942 [INFO] PinOutPanel:1589 - setPackage(No Configuration,No Configuration)
2025-07-28 19:54:36,032 [INFO] CADModel:165 - CPN selected for project level
2025-07-28 19:54:36,033 [INFO] CADModel:114 - Register for checkConnection events
2025-07-28 19:54:36,050 [INFO] IPUIPlugin:80 - create IPUIPlugin
2025-07-28 19:54:36,051 [INFO] PluginManager:220 - loadIPPluginJar : add adc
2025-07-28 19:54:36,054 [INFO] IPUIPlugin:80 - create IPUIPlugin
2025-07-28 19:54:36,054 [INFO] PluginManager:220 - loadIPPluginJar : add aes
2025-07-28 19:54:36,057 [INFO] IPUIPlugin:80 - create IPUIPlugin
2025-07-28 19:54:36,058 [INFO] PluginManager:220 - loadIPPluginJar : add can
2025-07-28 19:54:36,060 [INFO] IPUIPlugin:80 - create IPUIPlugin
2025-07-28 19:54:36,060 [INFO] PluginManager:220 - loadIPPluginJar : add comp
2025-07-28 19:54:36,063 [INFO] IPUIPlugin:80 - create IPUIPlugin
2025-07-28 19:54:36,064 [INFO] PluginManager:220 - loadIPPluginJar : add cryp
2025-07-28 19:54:36,067 [INFO] IPUIPlugin:80 - create IPUIPlugin
2025-07-28 19:54:36,067 [INFO] PluginManager:220 - loadIPPluginJar : add ddr_ctrl_phy
2025-07-28 19:54:36,070 [INFO] IPUIPlugin:80 - create IPUIPlugin
2025-07-28 19:54:36,070 [INFO] PluginManager:220 - loadIPPluginJar : add dfsdm
2025-07-28 19:54:36,075 [INFO] IPUIPlugin:80 - create IPUIPlugin
2025-07-28 19:54:36,076 [INFO] PluginManager:220 - loadIPPluginJar : add dma
2025-07-28 19:54:36,078 [INFO] IPUIPlugin:80 - create IPUIPlugin
2025-07-28 19:54:36,079 [INFO] PluginManager:220 - loadIPPluginJar : add dma3
2025-07-28 19:54:36,083 [INFO] IPUIPlugin:80 - create IPUIPlugin
2025-07-28 19:54:36,083 [INFO] PluginManager:220 - loadIPPluginJar : add extmemmanager
2025-07-28 19:54:36,085 [INFO] IPUIPlugin:80 - create IPUIPlugin
2025-07-28 19:54:36,085 [INFO] PluginManager:220 - loadIPPluginJar : add fatfs
2025-07-28 19:54:36,091 [INFO] IPUIPlugin:80 - create IPUIPlugin
2025-07-28 19:54:36,091 [INFO] PluginManager:220 - loadIPPluginJar : add fmc
2025-07-28 19:54:36,097 [INFO] IPUIPlugin:80 - create IPUIPlugin
2025-07-28 19:54:36,097 [INFO] PluginManager:220 - loadIPPluginJar : add freertos
2025-07-28 19:54:36,099 [INFO] IPUIPlugin:80 - create IPUIPlugin
2025-07-28 19:54:36,099 [INFO] PluginManager:220 - loadIPPluginJar : add genericplugin
2025-07-28 19:54:36,102 [INFO] IPUIPlugin:80 - create IPUIPlugin
2025-07-28 19:54:36,102 [INFO] PluginManager:220 - loadIPPluginJar : add gfxmmu
2025-07-28 19:54:36,106 [INFO] IPUIPlugin:80 - create IPUIPlugin
2025-07-28 19:54:36,106 [INFO] PluginManager:220 - loadIPPluginJar : add gic
2025-07-28 19:54:36,112 [INFO] IPUIPlugin:80 - create IPUIPlugin
2025-07-28 19:54:36,112 [INFO] PluginManager:220 - loadIPPluginJar : add gpio
2025-07-28 19:54:36,116 [INFO] IPUIPlugin:80 - create IPUIPlugin
2025-07-28 19:54:36,116 [INFO] PluginManager:220 - loadIPPluginJar : add gtzc
2025-07-28 19:54:36,119 [INFO] IPUIPlugin:80 - create IPUIPlugin
2025-07-28 19:54:36,120 [INFO] PluginManager:220 - loadIPPluginJar : add hash
2025-07-28 19:54:36,123 [INFO] IPUIPlugin:80 - create IPUIPlugin
2025-07-28 19:54:36,124 [INFO] PluginManager:220 - loadIPPluginJar : add i2c
2025-07-28 19:54:36,126 [INFO] IPUIPlugin:80 - create IPUIPlugin
2025-07-28 19:54:36,127 [INFO] PluginManager:220 - loadIPPluginJar : add i2s
2025-07-28 19:54:36,130 [INFO] IPUIPlugin:80 - create IPUIPlugin
2025-07-28 19:54:36,131 [INFO] PluginManager:220 - loadIPPluginJar : add i3c
2025-07-28 19:54:36,134 [INFO] IPUIPlugin:80 - create IPUIPlugin
2025-07-28 19:54:36,134 [INFO] PluginManager:220 - loadIPPluginJar : add ipddr
2025-07-28 19:54:36,140 [INFO] IPUIPlugin:80 - create IPUIPlugin
2025-07-28 19:54:36,142 [INFO] PluginManager:220 - loadIPPluginJar : add linkedlist
2025-07-28 19:54:36,146 [INFO] IPUIPlugin:80 - create IPUIPlugin
2025-07-28 19:54:36,146 [INFO] PluginManager:220 - loadIPPluginJar : add lorawan
2025-07-28 19:54:36,148 [INFO] IPUIPlugin:80 - create IPUIPlugin
2025-07-28 19:54:36,148 [INFO] PluginManager:220 - loadIPPluginJar : add ltdc
2025-07-28 19:54:36,155 [INFO] IPUIPlugin:80 - create IPUIPlugin
2025-07-28 19:54:36,155 [INFO] PluginManager:220 - loadIPPluginJar : add mdma
2025-07-28 19:54:36,158 [INFO] IPUIPlugin:80 - create IPUIPlugin
2025-07-28 19:54:36,158 [INFO] PluginManager:220 - loadIPPluginJar : add nvic
2025-07-28 19:54:36,162 [INFO] IPUIPlugin:80 - create IPUIPlugin
2025-07-28 19:54:36,163 [INFO] PluginManager:220 - loadIPPluginJar : add opamp
2025-07-28 19:54:36,167 [INFO] IPUIPlugin:80 - create IPUIPlugin
2025-07-28 19:54:36,167 [INFO] PluginManager:220 - loadIPPluginJar : add openamp
2025-07-28 19:54:36,171 [INFO] IPUIPlugin:80 - create IPUIPlugin
2025-07-28 19:54:36,172 [INFO] PluginManager:220 - loadIPPluginJar : add pdm2pcm
2025-07-28 19:54:36,176 [INFO] IPUIPlugin:80 - create IPUIPlugin
2025-07-28 19:54:36,181 [INFO] PluginManager:220 - loadIPPluginJar : add plateformsettings
2025-07-28 19:54:36,183 [INFO] IPUIPlugin:80 - create IPUIPlugin
2025-07-28 19:54:36,184 [INFO] PluginManager:220 - loadIPPluginJar : add quadspi
2025-07-28 19:54:36,185 [INFO] IPUIPlugin:80 - create IPUIPlugin
2025-07-28 19:54:36,187 [INFO] PluginManager:220 - loadIPPluginJar : add radio
2025-07-28 19:54:36,191 [INFO] IPUIPlugin:80 - create IPUIPlugin
2025-07-28 19:54:36,191 [INFO] PluginManager:220 - loadIPPluginJar : add resmgrutility
2025-07-28 19:54:36,195 [INFO] IPUIPlugin:80 - create IPUIPlugin
2025-07-28 19:54:36,196 [INFO] PluginManager:220 - loadIPPluginJar : add sai
2025-07-28 19:54:36,199 [INFO] IPUIPlugin:80 - create IPUIPlugin
2025-07-28 19:54:36,199 [INFO] PluginManager:220 - loadIPPluginJar : add spi
2025-07-28 19:54:36,205 [INFO] IPUIPlugin:80 - create IPUIPlugin
2025-07-28 19:54:36,205 [INFO] PluginManager:220 - loadIPPluginJar : add stm32_wpan
2025-07-28 19:54:36,207 [INFO] IPUIPlugin:80 - create IPUIPlugin
2025-07-28 19:54:36,207 [INFO] PluginManager:220 - loadIPPluginJar : add tim
2025-07-28 19:54:36,211 [INFO] IPUIPlugin:80 - create IPUIPlugin
2025-07-28 19:54:36,212 [INFO] PluginManager:220 - loadIPPluginJar : add touchsensing
2025-07-28 19:54:36,214 [INFO] IPUIPlugin:80 - create IPUIPlugin
2025-07-28 19:54:36,214 [INFO] PluginManager:220 - loadIPPluginJar : add tracer_emb
2025-07-28 19:54:36,217 [INFO] IPUIPlugin:80 - create IPUIPlugin
2025-07-28 19:54:36,217 [INFO] PluginManager:220 - loadIPPluginJar : add ts
2025-07-28 19:54:36,219 [INFO] IPUIPlugin:80 - create IPUIPlugin
2025-07-28 19:54:36,219 [INFO] PluginManager:220 - loadIPPluginJar : add tsc
2025-07-28 19:54:36,222 [INFO] IPUIPlugin:80 - create IPUIPlugin
2025-07-28 19:54:36,222 [INFO] PluginManager:220 - loadIPPluginJar : add ucpd
2025-07-28 19:54:36,226 [INFO] IPUIPlugin:80 - create IPUIPlugin
2025-07-28 19:54:36,226 [INFO] PluginManager:220 - loadIPPluginJar : add usart
2025-07-28 19:54:36,230 [INFO] IPUIPlugin:80 - create IPUIPlugin
2025-07-28 19:54:36,230 [INFO] PluginManager:220 - loadIPPluginJar : add usbx
2025-07-28 19:54:36,372 [FATAL] Updater:351 - Updater called before beeing initialized
2025-07-28 19:54:36,393 [INFO] RulesReader:64 - Compatibility file has been processed (297 Rules)
2025-07-28 19:54:36,404 [INFO] RulesReader:64 - Compatibility file has been processed (297 Rules)
2025-07-28 19:54:36,410 [INFO] CADModel:165 - CPN selected for project level
2025-07-28 19:54:36,410 [INFO] CADModel:114 - Register for checkConnection events
2025-07-28 19:54:36,410 [FATAL] Updater:351 - Updater called before beeing initialized
2025-07-28 19:54:36,411 [ERROR] CADModel:125 - Updater not yet initialized, retry later 
2025-07-28 19:54:36,541 [FATAL] Updater:351 - Updater called before beeing initialized
2025-07-28 19:54:36,544 [INFO] CADModel:165 - CPN selected for project level
2025-07-28 19:54:36,544 [INFO] CADModel:114 - Register for checkConnection events
2025-07-28 19:54:36,544 [FATAL] Updater:351 - Updater called before beeing initialized
2025-07-28 19:54:36,544 [ERROR] CADModel:125 - Updater not yet initialized, retry later 
2025-07-28 19:54:36,547 [FATAL] Updater:351 - Updater called before beeing initialized
2025-07-28 19:54:36,664 [FATAL] Updater:351 - Updater called before beeing initialized
2025-07-28 19:54:36,667 [INFO] DbMcusAds:53 - JSON generation date=Tue Jul 08 15:14:23 ICT 2025 (1751962463562)
2025-07-28 19:54:36,667 [FATAL] Updater:351 - Updater called before beeing initialized
2025-07-28 19:54:36,697 [WARN] DetailPanel:346 - Failed to get advertising image, set to default
2025-07-28 19:54:36,918 [FATAL] Updater:351 - Updater called before beeing initialized
2025-07-28 19:54:36,920 [FATAL] Updater:351 - Updater called before beeing initialized
2025-07-28 19:54:36,920 [FATAL] Updater:351 - Updater called before beeing initialized
2025-07-28 19:54:36,920 [WARN] DetailPanel:346 - Failed to get advertising image, set to default
2025-07-28 19:54:36,921 [FATAL] Updater:351 - Updater called before beeing initialized
2025-07-28 19:54:36,973 [ERROR] Updater:1198 - MainUpdater not yet initialized. External WinMGr cannot be set.
2025-07-28 19:54:36,975 [INFO] Updater:1134 - Updater Version found : 6.13.0
2025-07-28 19:54:36,989 [INFO] ApplicationProperties:184 - Using Application install path: C:\ST\STM32CubeIDE_1.17.0\STM32CubeIDE\plugins\com.st.stm32cube.common.mx_6.13.0.202411220809
2025-07-28 19:54:38,557 [ERROR] LogOutputStream:75 - [STDERR_REDIRECT] Jul 28, 2025 7:54:38 PM java.util.prefs.WindowsPreferences <init>
2025-07-28 19:54:38,558 [ERROR] LogOutputStream:75 - [STDERR_REDIRECT] WARNING: Could not open/create prefs root node Software\JavaSoft\Prefs at root 0xffffffff80000002. Windows RegCreateKeyEx(...) returned error code 5.
2025-07-28 19:54:38,559 [ERROR] LogOutputStream:75 - [STDERR_REDIRECT] 
2025-07-28 19:54:38,567 [INFO] ThirdPartyUpdaterWithRetryManager:70 - Updater plugin not ready yet. [2/15]
2025-07-28 19:54:38,792 [INFO] MainUpdater:2872 - connection check result : 10
2025-07-28 19:54:38,793 [INFO] MainUpdater:289 - Updater Check For Update Now.
2025-07-28 19:54:38,794 [INFO] MicroXplorer:498 - Change Database Version : DB.6.0.130
2025-07-28 19:54:38,801 [INFO] McuFinderGlobals:63 - Set McuFinder mode to 2 (CubeIDE integrated)
2025-07-28 19:54:38,802 [INFO] UserAuth:486 - Internet connection configuration mode: 1
2025-07-28 19:54:38,824 [INFO] JxBrowserEngine:152 - Initiate JxBrowser Engine with user profile folder
2025-07-28 19:54:38,990 [INFO] CheckServerUpdateThread:120 - End of CheckServer Thread
2025-07-28 19:54:39,422 [INFO] WebApp:168 - Instantiating new browser for Auth
2025-07-28 19:54:40,164 [INFO] WebApp:449 - Apply proxy settings
2025-07-28 19:54:40,164 [INFO] WebApp:534 - Chromium requires no authentication
2025-07-28 19:54:40,180 [INFO] WebApp:477 - Direct internet connection detected
2025-07-28 19:54:40,211 [INFO] WebApp:880 - Register for checkConnection events
2025-07-28 19:54:40,211 [INFO] WebApp:449 - Apply proxy settings
2025-07-28 19:54:40,211 [INFO] WebApp:534 - Chromium requires no authentication
2025-07-28 19:54:40,213 [INFO] WebApp:477 - Direct internet connection detected
2025-07-28 19:54:40,417 [INFO] WebApp:221 - Starting web application
2025-07-28 19:54:40,417 [INFO] WebApp:579 - Web application path used C:\ST\STM32CubeIDE_1.17.0\STM32CubeIDE\plugins\com.st.stm32cube.common.mx_6.13.0.202411220809\db\plugins\mcufinder\reactClient1\index.html
2025-07-28 19:54:40,551 [INFO] UserAuth:486 - Internet connection configuration mode: 1
2025-07-28 19:54:40,917 [INFO] WebApp:187 - Connection restablished
2025-07-28 19:54:41,853 [WARN] PackLoader:240 - Cannot read IP mode file for STMicroelectronics.FP-SNS-MOTENVWB1.1.4.0
2025-07-28 19:54:41,863 [WARN] PackLoader:240 - Cannot read IP mode file for STMicroelectronics.FP-ATR-ASTRA1.2.0.2
2025-07-28 19:54:41,867 [WARN] PackLoader:240 - Cannot read IP mode file for STMicroelectronics.FP-ATR-ASTRA1.2.0.1
2025-07-28 19:54:41,877 [WARN] PackLoader:240 - Cannot read IP mode file for STMicroelectronics.X-CUBE-SMBUS.2.1.0
2025-07-28 19:54:41,887 [WARN] PackLoader:240 - Cannot read IP mode file for STMicroelectronics.X-CUBE-WB05N.1.1.0
2025-07-28 19:54:41,894 [WARN] PackLoader:240 - Cannot read IP mode file for STMicroelectronics.X-CUBE-ST60.1.0.0
2025-07-28 19:54:41,931 [WARN] PackLoader:240 - Cannot read IP mode file for STMicroelectronics.X-CUBE-AZRTOS-F7.1.1.0
2025-07-28 19:54:42,004 [WARN] PackLoader:240 - Cannot read IP mode file for STMicroelectronics.X-CUBE-MEMS1.11.0.0
2025-07-28 19:54:42,217 [WARN] PackLoader:240 - Cannot read IP mode file for STMicroelectronics.FP-SNS-FLIGHT1.5.0.2
2025-07-28 19:54:42,247 [WARN] PackLoader:240 - Cannot read IP mode file for Infineon.AIROC-Wi-Fi-Bluetooth-STM32.1.7.0
2025-07-28 19:54:42,276 [WARN] PackLoader:240 - Cannot read IP mode file for STMicroelectronics.X-CUBE-AZRTOS-H7.3.4.0
2025-07-28 19:54:42,293 [WARN] PackLoader:240 - Cannot read IP mode file for STMicroelectronics.X-CUBE-DISPLAY.3.0.0
2025-07-28 19:54:42,304 [WARN] PackLoader:240 - Cannot read IP mode file for STMicroelectronics.X-CUBE-BLE1.7.0.0
2025-07-28 19:54:42,316 [WARN] PackLoader:240 - Cannot read IP mode file for STMicroelectronics.X-CUBE-NFC10.1.0.0
2025-07-28 19:54:42,330 [WARN] PackLoader:240 - Cannot read IP mode file for STMicroelectronics.X-CUBE-BLEMGR.4.0.0
2025-07-28 19:54:42,342 [WARN] PackLoader:240 - Cannot read IP mode file for emotas.I-CUBE-CANOPEN.1.3.0
2025-07-28 19:54:42,349 [WARN] PackLoader:240 - Cannot read IP mode file for STMicroelectronics.X-CUBE-AI.10.0.0
2025-07-28 19:54:42,358 [WARN] PackLoader:240 - Cannot read IP mode file for STMicroelectronics.FP-SNS-SMARTAG2.1.2.0
2025-07-28 19:54:42,364 [WARN] PackLoader:240 - Cannot read IP mode file for STMicroelectronics.FP-SNS-FLIGHT1.5.1.0
2025-07-28 19:54:42,435 [WARN] PackLoader:240 - Cannot read IP mode file for STMicroelectronics.X-CUBE-MEMS1.11.1.0
2025-07-28 19:54:42,607 [INFO] LogOutputStream:77 - [STDOUT_REDIRECT] 1 : Invalid condition id : UX_CORESTACK_Condition cause : null
2025-07-28 19:54:42,608 [INFO] LogOutputStream:77 - [STDOUT_REDIRECT] 1 : Invalid condition id : UX_CORESTACK_Condition cause : null
2025-07-28 19:54:42,610 [INFO] LogOutputStream:77 - [STDOUT_REDIRECT] 1 : Invalid condition id : UX_CORESTACK_Condition cause : null
2025-07-28 19:54:42,612 [INFO] LogOutputStream:77 - [STDOUT_REDIRECT] 1 : Invalid condition id : UX_CORESTACK_Condition cause : null
2025-07-28 19:54:42,614 [INFO] LogOutputStream:77 - [STDOUT_REDIRECT] 1 : Invalid condition id : UX_CORESTACK_Condition cause : null
2025-07-28 19:54:42,616 [WARN] PackLoader:240 - Cannot read IP mode file for STMicroelectronics.X-CUBE-AZRTOS-WL.2.0.0
2025-07-28 19:54:42,624 [WARN] PackLoader:240 - Cannot read IP mode file for STMicroelectronics.FP-SNS-MOTENV1.5.0.0
2025-07-28 19:54:42,632 [WARN] PackLoader:240 - Cannot read IP mode file for wolfSSL.I-CUBE-wolfMQTT.1.19.0
2025-07-28 19:54:42,642 [WARN] PackLoader:240 - Cannot read IP mode file for WES.I-CUBE-Cesium.1.3.0
2025-07-28 19:54:42,648 [WARN] PackLoader:240 - Cannot read IP mode file for STMicroelectronics.X-CUBE-BLE2.3.3.0
2025-07-28 19:54:42,656 [WARN] PackLoader:240 - Cannot read IP mode file for STMicroelectronics.X-CUBE-NFC9.1.0.0
2025-07-28 19:54:42,664 [WARN] PackLoader:240 - Cannot read IP mode file for STMicroelectronics.X-CUBE-BLE1.7.1.0
2025-07-28 19:54:42,671 [WARN] PackLoader:240 - Cannot read IP mode file for STMicroelectronics.X-CUBE-TCPP.4.1.0
2025-07-28 19:54:42,680 [WARN] PackLoader:240 - Cannot read IP mode file for STMicroelectronics.X-CUBE-EEPRMA1.5.2.0
2025-07-28 19:54:42,686 [WARN] PackLoader:240 - Cannot read IP mode file for STMicroelectronics.X-CUBE-AI.10.1.0
2025-07-28 19:54:42,700 [WARN] PackLoader:240 - Cannot read IP mode file for STMicroelectronics.X-CUBE-AZRTOS-G0.1.1.0
2025-07-28 19:54:42,710 [WARN] PackLoader:240 - Cannot read IP mode file for STMicroelectronics.X-CUBE-SAFEA1.1.2.2
2025-07-28 19:54:42,717 [WARN] PackLoader:240 - Cannot read IP mode file for STMicroelectronics.X-CUBE-NFC4.3.0.0
2025-07-28 19:54:42,727 [WARN] PackLoader:240 - Cannot read IP mode file for EmbeddedOffice.I-CUBE-FS-RTOS.1.0.1
2025-07-28 19:54:42,735 [WARN] PackLoader:240 - Cannot read IP mode file for STMicroelectronics.X-CUBE-WB05N.2.0.0
2025-07-28 19:54:42,744 [WARN] PackLoader:240 - Cannot read IP mode file for STMicroelectronics.X-CUBE-TCPP.4.2.0
2025-07-28 19:54:42,753 [WARN] PackLoader:240 - Cannot read IP mode file for RealThread.X-CUBE-RT-Thread_Nano.4.1.1
2025-07-28 19:54:42,760 [WARN] PackLoader:240 - Cannot read IP mode file for STMicroelectronics.FP-ATR-SIGFOX1.3.2.0
2025-07-28 19:54:42,767 [WARN] ConditionMgr:438 - getConditionDescription Invalid condition id : Cortex-A Device cause : null
2025-07-28 19:54:42,788 [WARN] ConditionMgr:1044 - genDependencies : Invalid condition id : Cortex-A Device cause : null
2025-07-28 19:54:42,789 [WARN] ConditionMgr:1044 - genDependencies : Invalid condition id : Cortex-A Device cause : null
2025-07-28 19:54:42,789 [WARN] ConditionMgr:1044 - genDependencies : Invalid condition id : Cortex-A Device cause : null
2025-07-28 19:54:42,796 [WARN] PackLoader:240 - Cannot read IP mode file for STMicroelectronics.X-CUBE-EEPRMA1.5.1.0
2025-07-28 19:54:42,805 [WARN] PackLoader:240 - Cannot read IP mode file for wolfSSL.I-CUBE-wolfSSL.5.7.4
2025-07-28 19:54:42,812 [WARN] PackLoader:240 - Cannot read IP mode file for ITTIA_DB.I-CUBE-ITTIADB.8.9.0
2025-07-28 19:54:42,819 [WARN] PackLoader:240 - Cannot read IP mode file for STMicroelectronics.X-CUBE-ST67W61.1.0.0
2025-07-28 19:54:42,851 [WARN] PackLoader:240 - Cannot read IP mode file for SEGGER.I-CUBE-embOS.1.3.1
2025-07-28 19:54:42,891 [WARN] PackLoader:240 - Cannot read IP mode file for STMicroelectronics.X-CUBE-ALGOBUILD.1.4.0
2025-07-28 19:54:42,930 [WARN] PackLoader:240 - Cannot read IP mode file for STMicroelectronics.X-CUBE-MEMS1.11.3.0
2025-07-28 19:54:43,057 [WARN] PackLoader:240 - Cannot read IP mode file for STMicroelectronics.X-CUBE-AI.9.1.0
2025-07-28 19:54:43,063 [WARN] PackLoader:240 - Cannot read IP mode file for STMicroelectronics.X-CUBE-PM33A1.1.0.0
2025-07-28 19:54:43,081 [WARN] PackLoader:240 - Cannot read IP mode file for STMicroelectronics.X-CUBE-AZRTOS-F4.1.1.0
2025-07-28 19:54:43,089 [WARN] PackLoader:240 - Cannot read IP mode file for STMicroelectronics.X-CUBE-ISPU.2.1.0
2025-07-28 19:54:43,095 [WARN] PackLoader:240 - Cannot read IP mode file for STMicroelectronics.X-CUBE-FREERTOS.1.2.0
2025-07-28 19:54:43,101 [WARN] PackLoader:240 - Cannot read IP mode file for STMicroelectronics.X-CUBE-NFC12.1.0.0
2025-07-28 19:54:43,116 [WARN] PackLoader:240 - Cannot read IP mode file for STMicroelectronics.X-CUBE-AZRTOS-L5.2.0.0
2025-07-28 19:54:43,126 [WARN] PackLoader:240 - Cannot read IP mode file for STMicroelectronics.X-CUBE-NFC6.3.1.0
2025-07-28 19:54:43,135 [WARN] PackLoader:240 - Cannot read IP mode file for STMicroelectronics.X-CUBE-DPower.1.2.0
2025-07-28 19:54:43,141 [WARN] PackLoader:240 - Cannot read IP mode file for STMicroelectronics.X-CUBE-FREERTOS.1.3.1
2025-07-28 19:54:43,148 [WARN] PackLoader:240 - Cannot read IP mode file for STMicroelectronics.X-CUBE-FREERTOS.1.3.0
2025-07-28 19:54:43,154 [WARN] PackLoader:240 - Cannot read IP mode file for STMicroelectronics.X-CUBE-NFC7.1.0.1
2025-07-28 19:54:43,160 [WARN] PackLoader:240 - Cannot read IP mode file for STMicroelectronics.FP-SNS-STAIOTCFT.1.0.0
2025-07-28 19:54:43,165 [WARN] PackLoader:240 - Cannot read IP mode file for STMicroelectronics.X-CUBE-DPower.1.3.0
2025-07-28 19:54:43,178 [WARN] ConditionMgr:438 - getConditionDescription Invalid condition id : LAN8742 Phy interface Condition cause : null
2025-07-28 19:54:43,179 [WARN] PackLoader:240 - Cannot read IP mode file for STMicroelectronics.X-CUBE-AZRTOS-L4.2.0.0
2025-07-28 19:54:43,180 [WARN] ConditionMgr:1044 - genDependencies : Invalid condition id : LAN8742 Phy interface Condition cause : null
2025-07-28 19:54:43,181 [WARN] ConditionMgr:1044 - genDependencies : Invalid condition id : LAN8742 Phy interface Condition cause : null
2025-07-28 19:54:43,181 [WARN] ConditionMgr:1044 - genDependencies : Invalid condition id : LAN8742 Phy interface Condition cause : null
2025-07-28 19:54:43,191 [WARN] PackLoader:240 - Cannot read IP mode file for STMicroelectronics.X-CUBE-SFXS2LP1.4.0.0
2025-07-28 19:54:43,207 [WARN] PackLoader:240 - Cannot read IP mode file for STMicroelectronics.X-CUBE-AZRTOS-H7.3.3.0
2025-07-28 19:54:43,217 [WARN] PackLoader:240 - Cannot read IP mode file for STMicroelectronics.X-CUBE-BLEMGR.4.1.0
2025-07-28 19:54:43,228 [WARN] PackLoader:240 - Cannot read IP mode file for STMicroelectronics.X-CUBE-IPS.3.0.0
2025-07-28 19:54:43,240 [WARN] ConditionMgr:438 - getConditionDescription Invalid condition id : UX DEVICE CLASS RTOS Condition cause : null
2025-07-28 19:54:43,241 [WARN] ConditionMgr:438 - getConditionDescription Invalid condition id : UX DEVICE CLASS RTOS Condition cause : null
2025-07-28 19:54:43,242 [WARN] PackLoader:240 - Cannot read IP mode file for STMicroelectronics.X-CUBE-AZRTOS-WB.2.0.0
2025-07-28 19:54:43,243 [WARN] ConditionMgr:1044 - genDependencies : Invalid condition id : UX DEVICE CLASS RTOS Condition cause : null
2025-07-28 19:54:43,243 [WARN] ConditionMgr:1044 - genDependencies : Invalid condition id : UX DEVICE CLASS RTOS Condition cause : null
2025-07-28 19:54:43,243 [WARN] ConditionMgr:1044 - genDependencies : Invalid condition id : UX DEVICE CLASS RTOS Condition cause : null
2025-07-28 19:54:43,243 [WARN] ConditionMgr:1044 - genDependencies : Invalid condition id : UX DEVICE CLASS RTOS Condition cause : null
2025-07-28 19:54:43,244 [WARN] ConditionMgr:1044 - genDependencies : Invalid condition id : UX DEVICE CLASS RTOS Condition cause : null
2025-07-28 19:54:43,250 [WARN] PackLoader:240 - Cannot read IP mode file for STMicroelectronics.X-CUBE-GNSS1.7.0.0
2025-07-28 19:54:43,256 [WARN] PackLoader:240 - Cannot read IP mode file for STMicroelectronics.X-CUBE-GNSS1.7.0.1
2025-07-28 19:54:43,262 [WARN] PackLoader:240 - Cannot read IP mode file for STMicroelectronics.X-CUBE-TOUCHGFX.4.25.0
2025-07-28 19:54:43,270 [WARN] PackLoader:240 - Cannot read IP mode file for STMicroelectronics.FP-SNS-STBOX1.2.0.0
2025-07-28 19:54:43,287 [WARN] PackLoader:240 - Cannot read IP mode file for STMicroelectronics.X-CUBE-SUBG2.5.0.0
2025-07-28 19:54:43,310 [WARN] PackLoader:240 - Cannot read IP mode file for STMicroelectronics.X-CUBE-AZRTOS-H7RS.1.1.0
2025-07-28 19:54:43,319 [WARN] PackLoader:240 - Cannot read IP mode file for Cesanta.I-CUBE-Mongoose.7.13.0
2025-07-28 19:54:43,334 [WARN] PackLoader:240 - Cannot read IP mode file for STMicroelectronics.X-CUBE-AZRTOS-G4.2.0.0
2025-07-28 19:54:43,356 [WARN] PackLoader:240 - Cannot read IP mode file for STMicroelectronics.X-CUBE-NFC7.2.0.0
2025-07-28 19:54:43,366 [WARN] PackLoader:240 - Cannot read IP mode file for STMicroelectronics.X-CUBE-IPS.3.1.0
2025-07-28 19:54:43,377 [WARN] PackLoader:240 - Cannot read IP mode file for STMicroelectronics.X-CUBE-ALS.1.0.2
2025-07-28 19:54:43,383 [WARN] PackLoader:240 - Cannot read IP mode file for STMicroelectronics.X-CUBE-TOUCHGFX.4.24.2
2025-07-28 19:54:43,387 [WARN] PackLoader:240 - Cannot read IP mode file for STMicroelectronics.X-CUBE-TOUCHGFX.4.24.1
2025-07-28 19:54:43,393 [WARN] PackLoader:240 - Cannot read IP mode file for wolfSSL.I-CUBE-wolfTPM.3.4.0
2025-07-28 19:54:43,401 [WARN] PackLoader:240 - Cannot read IP mode file for portGmbH.I-Cube-SoM-uGOAL.1.1.0
2025-07-28 19:54:43,413 [WARN] PackLoader:240 - Cannot read IP mode file for STMicroelectronics.X-CUBE-AZRTOS-H7RS.1.0.0
2025-07-28 19:54:43,426 [WARN] PackLoader:240 - Cannot read IP mode file for STMicroelectronics.X-CUBE-TOF1.3.4.2
2025-07-28 19:54:43,444 [WARN] PackLoader:240 - Cannot read IP mode file for STMicroelectronics.X-CUBE-TOF1.3.4.3
2025-07-28 19:54:43,456 [WARN] PackLoader:240 - Cannot read IP mode file for wolfSSL.I-CUBE-wolfSSH.1.4.17
2025-07-28 19:54:43,457 [INFO] ThirdParty:978 - Integrity check success = true
2025-07-28 19:54:43,458 [INFO] IntegrityCheckThread:100 - exiting critical section [integrity check]
2025-07-28 19:54:43,458 [INFO] IntegrityCheckThread:103 - End integrity checks thread
2025-07-28 19:55:38,512 [ERROR] LogOutputStream:75 - [STDERR_REDIRECT] 
2025-07-28 19:55:38,513 [ERROR] LogOutputStream:75 - [STDERR_REDIRECT] 
